<?xml version="1.0" encoding="UTF-8"?>
<testng-results ignored="0" total="1" passed="1" failed="0" skipped="0">
  <reporter-output>
  </reporter-output>
  <suite started-at="2022-12-26T17:15:27 IST" name="Default suite" finished-at="2022-12-26T17:15:29 IST" duration-ms="1939">
    <groups>
    </groups>
    <test started-at="2022-12-26T17:15:27 IST" name="Default test" finished-at="2022-12-26T17:15:29 IST" duration-ms="1939">
      <class name="basic.POSTRequestDemo">
        <test-method is-config="true" signature="setup()[pri:0, instance:basic.POSTRequestDemo@11392934]" started-at="2022-12-26T17:15:27 IST" name="setup" finished-at="2022-12-26T17:15:27 IST" duration-ms="424" status="PASS">
          <reporter-output>
          </reporter-output>
        </test-method> <!-- setup -->
        <test-method signature="statusCodeVarification()[pri:0, instance:basic.POSTRequestDemo@11392934]" started-at="2022-12-26T17:15:27 IST" name="statusCodeVarification" finished-at="2022-12-26T17:15:29 IST" duration-ms="1495" status="PASS">
          <reporter-output>
          </reporter-output>
        </test-method> <!-- statusCodeVarification -->
      </class> <!-- basic.POSTRequestDemo -->
    </test> <!-- Default test -->
  </suite> <!-- Default suite -->
</testng-results>
